-------------------------------------------------------------------------------
Test set: EndangeredAnimalTest
-------------------------------------------------------------------------------
Tests run: 9, Failures: 0, Errors: 9, Skipped: 0, Time elapsed: 7.652 sec <<< FAILURE! - in EndangeredAnimalTest
EndangeredAnimal_instanceOfEndangeredAnimal_true(EndangeredAnimalTest)  Time elapsed: 0.848 sec  <<< ERROR!
org.sql2o.Sql2oException: Could not acquire a connection from DataSource - FATAL: no pg_hba.conf entry for host "102.166.176.146", user "oksagxtbqxyuho", database "d94695gnva3af9", SSL off
Caused by: org.postgresql.util.PSQLException: FATAL: no pg_hba.conf entry for host "102.166.176.146", user "oksagxtbqxyuho", database "d94695gnva3af9", SSL off

all_returnsAnimalById(EndangeredAnimalTest)  Time elapsed: 1.129 sec  <<< ERROR!
org.sql2o.Sql2oException: Could not acquire a connection from DataSource - FATAL: no pg_hba.conf entry for host "102.166.176.146", user "oksagxtbqxyuho", database "d94695gnva3af9", SSL off
Caused by: org.postgresql.util.PSQLException: FATAL: no pg_hba.conf entry for host "102.166.176.146", user "oksagxtbqxyuho", database "d94695gnva3af9", SSL off

getAge_returnAgeLevelOfTheAnimal_okay(EndangeredAnimalTest)  Time elapsed: 0.536 sec  <<< ERROR!
org.sql2o.Sql2oException: Could not acquire a connection from DataSource - FATAL: no pg_hba.conf entry for host "102.166.176.146", user "oksagxtbqxyuho", database "d94695gnva3af9", SSL off
Caused by: org.postgresql.util.PSQLException: FATAL: no pg_hba.conf entry for host "102.166.176.146", user "oksagxtbqxyuho", database "d94695gnva3af9", SSL off

getName_returnNameOfEndangeredAnimal_cat(EndangeredAnimalTest)  Time elapsed: 0.568 sec  <<< ERROR!
org.sql2o.Sql2oException: Could not acquire a connection from DataSource - FATAL: no pg_hba.conf entry for host "102.166.176.146", user "oksagxtbqxyuho", database "d94695gnva3af9", SSL off
Caused by: org.postgresql.util.PSQLException: FATAL: no pg_hba.conf entry for host "102.166.176.146", user "oksagxtbqxyuho", database "d94695gnva3af9", SSL off

all_returnsAllInstancesOfEndangeredAnimal_true(EndangeredAnimalTest)  Time elapsed: 1.12 sec  <<< ERROR!
org.sql2o.Sql2oException: Could not acquire a connection from DataSource - FATAL: no pg_hba.conf entry for host "102.166.176.146", user "oksagxtbqxyuho", database "d94695gnva3af9", SSL off
Caused by: org.postgresql.util.PSQLException: FATAL: no pg_hba.conf entry for host "102.166.176.146", user "oksagxtbqxyuho", database "d94695gnva3af9", SSL off

save_savesEndangeredAnimalInstanceToDB_EndangeredAnimal(EndangeredAnimalTest)  Time elapsed: 1.129 sec  <<< ERROR!
org.sql2o.Sql2oException: Could not acquire a connection from DataSource - FATAL: no pg_hba.conf entry for host "102.166.176.146", user "oksagxtbqxyuho", database "d94695gnva3af9", SSL off
Caused by: org.postgresql.util.PSQLException: FATAL: no pg_hba.conf entry for host "102.166.176.146", user "oksagxtbqxyuho", database "d94695gnva3af9", SSL off

equals_returnsTrueIfNamesAreTheSame_true(EndangeredAnimalTest)  Time elapsed: 0.58 sec  <<< ERROR!
org.sql2o.Sql2oException: Could not acquire a connection from DataSource - FATAL: no pg_hba.conf entry for host "102.166.176.146", user "oksagxtbqxyuho", database "d94695gnva3af9", SSL off
Caused by: org.postgresql.util.PSQLException: FATAL: no pg_hba.conf entry for host "102.166.176.146", user "oksagxtbqxyuho", database "d94695gnva3af9", SSL off

id_assignIdToSpecificInstance(EndangeredAnimalTest)  Time elapsed: 1.086 sec  <<< ERROR!
org.sql2o.Sql2oException: Could not acquire a connection from DataSource - FATAL: no pg_hba.conf entry for host "102.166.176.146", user "oksagxtbqxyuho", database "d94695gnva3af9", SSL off
Caused by: org.postgresql.util.PSQLException: FATAL: no pg_hba.conf entry for host "102.166.176.146", user "oksagxtbqxyuho", database "d94695gnva3af9", SSL off

getHealth_returnHealthLevelOfTheAnimal_okay(EndangeredAnimalTest)  Time elapsed: 0.569 sec  <<< ERROR!
org.sql2o.Sql2oException: Could not acquire a connection from DataSource - FATAL: no pg_hba.conf entry for host "102.166.176.146", user "oksagxtbqxyuho", database "d94695gnva3af9", SSL off
Caused by: org.postgresql.util.PSQLException: FATAL: no pg_hba.conf entry for host "102.166.176.146", user "oksagxtbqxyuho", database "d94695gnva3af9", SSL off

